#
# There is insufficient memory for the Java Runtime Environment to continue.
# Native memory allocation (mmap) failed to map 98566144 bytes for Failed to commit area from 0x00000000a2400000 to 0x00000000a8200000 of length 98566144.
# Possible reasons:
#   The system is out of physical RAM or swap space
#   The process is running with CompressedOops enabled, and the Java Heap may be blocking the growth of the native heap
# Possible solutions:
#   Reduce memory load on the system
#   Increase physical memory or swap space
#   Check if swap backing store is full
#   Decrease Java heap size (-Xmx/-Xms)
#   Decrease number of Java threads
#   Decrease Java thread stack sizes (-Xss)
#   Set larger code cache with -XX:ReservedCodeCacheSize=
# This output file may be truncated or incomplete.
#
#  Out of Memory Error (./src/hotspot/os/windows/os_windows.cpp:3301), pid=16436, tid=23148
#
# JRE version:  (11.0.10) (build )
# Java VM: OpenJDK 64-Bit Server VM (11.0.10+0-b96-7249189, mixed mode, sharing, tiered, compressed oops, g1 gc, windows-amd64)
# No core dump will be written. Minidumps are not enabled by default on client versions of Windows
#

---------------  S U M M A R Y ------------

Command Line: 

Host: AMD Ryzen 5 5600H with Radeon Graphics         , 12 cores, 5G,  Windows 10 , 64 bit Build 22000 (10.0.22000.675)
Time: Mon May 23 18:46:32 2022 India Standard Time elapsed time: 0.014664 seconds (0d 0h 0m 0s)

---------------  T H R E A D  ---------------

Current thread (0x000001bcfe76e800):  JavaThread "Unknown thread" [_thread_in_vm, id=23148, stack(0x000000164fe00000,0x000000164ff00000)]

Stack: [0x000000164fe00000,0x000000164ff00000]
Native frames: (J=compiled Java code, j=interpreted, Vv=VM code, C=native code)
V  [jvm.dll+0x5ecfaa]
V  [jvm.dll+0x722bd5]
V  [jvm.dll+0x72412d]
V  [jvm.dll+0x7247e3]
V  [jvm.dll+0x242928]
V  [jvm.dll+0x5ea374]
V  [jvm.dll+0x5df425]
V  [jvm.dll+0x2fdebb]
V  [jvm.dll+0x2fde2a]
V  [jvm.dll+0x2fdd02]
V  [jvm.dll+0x302bf6]
V  [jvm.dll+0x34b2a3]
V  [jvm.dll+0x34b9a6]
V  [jvm.dll+0x34b3a3]
V  [jvm.dll+0x2d8888]
V  [jvm.dll+0x2d9a37]
V  [jvm.dll+0x701737]
V  [jvm.dll+0x702f2c]
V  [jvm.dll+0x3587d9]
V  [jvm.dll+0x6e4fae]
V  [jvm.dll+0x3c0be3]
V  [jvm.dll+0x3c2e91]
C  [jli.dll+0x5373]
C  [ucrtbase.dll+0x26c0c]
C  [KERNEL32.DLL+0x154e0]
C  [ntdll.dll+0x485b]


---------------  P R O C E S S  ---------------

Threads class SMR info:
_java_thread_list=0x000001bcfc5d53f0, length=0, elements={
}

Java Threads: ( => current thread )

Other Threads:
  0x000001bcfe787000 GCTaskThread "GC Thread#0" [stack: 0x000000164ff00000,0x0000001650000000] [id=10404]
  0x000001bcfe7ad800 ConcurrentGCThread "G1 Main Marker" [stack: 0x0000001650000000,0x0000001650100000] [id=13704]
  0x000001bcfe7af000 ConcurrentGCThread "G1 Conc#0" [stack: 0x0000001650100000,0x0000001650200000] [id=15080]

[error occurred during error reporting (printing all threads), id 0xc0000005, EXCEPTION_ACCESS_VIOLATION (0xc0000005) at pc=0x00007ffe4d589107]

VM state:not at safepoint (not fully initialized)

VM Mutex/Monitor currently owned by a thread:  ([mutex/lock_event])
[0x000001bcfe76b510] Heap_lock - owner thread: 0x000001bcfe76e800

Heap address: 0x00000000a2400000, size: 1500 MB, Compressed Oops mode: Non-zero based: 0x00000000a2400000
Narrow klass base: 0x0000000000000000, Narrow klass shift: 0

GC Heap History (0 events):
No events

Deoptimization events (0 events):
No events

Classes redefined (0 events):
No events

Internal exceptions (0 events):
No events

Events (1 events):
Event: 0.008 Loaded shared library C:\Program Files\Android\Android Studio\jre\bin\zip.dll


Dynamic libraries:
0x00007ff62a190000 - 0x00007ff62a19a000 	C:\Program Files\Android\Android Studio\jre\bin\java.EXE
0x00007ffecf660000 - 0x00007ffecf869000 	C:\Windows\SYSTEM32\ntdll.dll
0x00007ffecef40000 - 0x00007ffeceffd000 	C:\Windows\System32\KERNEL32.DLL
0x00007ffecced0000 - 0x00007ffecd249000 	C:\Windows\System32\KERNELBASE.dll
0x00007ffecd370000 - 0x00007ffecd481000 	C:\Windows\System32\ucrtbase.dll
0x00007ffe9ddc0000 - 0x00007ffe9ddd9000 	C:\Program Files\Android\Android Studio\jre\bin\jli.dll
0x00007ffe9dda0000 - 0x00007ffe9ddb7000 	C:\Program Files\Android\Android Studio\jre\bin\VCRUNTIME140.dll
0x00007ffecdfb0000 - 0x00007ffece15c000 	C:\Windows\System32\USER32.dll
0x00007ffecccb0000 - 0x00007ffecccd6000 	C:\Windows\System32\win32u.dll
0x00007ffeb1b50000 - 0x00007ffeb1df5000 	C:\Windows\WinSxS\amd64_microsoft.windows.common-controls_6595b64144ccf1df_6.0.22000.120_none_9d947278b86cc467\COMCTL32.dll
0x00007ffecf360000 - 0x00007ffecf389000 	C:\Windows\System32\GDI32.dll
0x00007ffecf150000 - 0x00007ffecf1f3000 	C:\Windows\System32\msvcrt.dll
0x00007ffecd250000 - 0x00007ffecd362000 	C:\Windows\System32\gdi32full.dll
0x00007ffeccc10000 - 0x00007ffecccad000 	C:\Windows\System32\msvcp_win.dll
0x00007ffecf410000 - 0x00007ffecf441000 	C:\Windows\System32\IMM32.DLL
0x00007ffe87e30000 - 0x00007ffe87ecd000 	C:\Program Files\Android\Android Studio\jre\bin\msvcp140.dll
0x00007ffe4d2a0000 - 0x00007ffe4dd6f000 	C:\Program Files\Android\Android Studio\jre\bin\server\jvm.dll
0x00007ffece160000 - 0x00007ffece20e000 	C:\Windows\System32\ADVAPI32.dll
0x00007ffecf460000 - 0x00007ffecf4fe000 	C:\Windows\System32\sechost.dll
0x00007ffecd610000 - 0x00007ffecd730000 	C:\Windows\System32\RPCRT4.dll
0x00007ffecf0e0000 - 0x00007ffecf0e8000 	C:\Windows\System32\PSAPI.DLL
0x00007ffeb55b0000 - 0x00007ffeb55b9000 	C:\Windows\SYSTEM32\WSOCK32.dll
0x00007ffec69d0000 - 0x00007ffec6a03000 	C:\Windows\SYSTEM32\WINMM.dll
0x00007ffec4690000 - 0x00007ffec469a000 	C:\Windows\SYSTEM32\VERSION.dll
0x00007ffecf2f0000 - 0x00007ffecf35f000 	C:\Windows\System32\WS2_32.dll
0x00007ffecbc50000 - 0x00007ffecbc68000 	C:\Windows\SYSTEM32\kernel.appcore.dll
0x00007ffe9ca20000 - 0x00007ffe9ca31000 	C:\Program Files\Android\Android Studio\jre\bin\verify.dll
0x00007ffeca780000 - 0x00007ffeca9a1000 	C:\Windows\SYSTEM32\DBGHELP.DLL
0x00007ffeb99b0000 - 0x00007ffeb99e1000 	C:\Windows\SYSTEM32\dbgcore.DLL
0x00007ffecce50000 - 0x00007ffeccecf000 	C:\Windows\System32\bcryptPrimitives.dll
0x00007ffe9c9f0000 - 0x00007ffe9ca19000 	C:\Program Files\Android\Android Studio\jre\bin\java.dll
0x00007ffea5f40000 - 0x00007ffea5f4b000 	C:\Program Files\Android\Android Studio\jre\bin\jimage.dll
0x00007ffe98e70000 - 0x00007ffe98e88000 	C:\Program Files\Android\Android Studio\jre\bin\zip.dll

dbghelp: loaded successfully - version: 4.0.5 - missing functions: none
symbol engine: initialized successfully - sym options: 0x614 - pdb path: .;C:\Program Files\Android\Android Studio\jre\bin;C:\Windows\SYSTEM32;C:\Windows\WinSxS\amd64_microsoft.windows.common-controls_6595b64144ccf1df_6.0.22000.120_none_9d947278b86cc467;C:\Program Files\Android\Android Studio\jre\bin\server

VM Arguments:
java_command: <unknown>
java_class_path (initial): <not set>
Launcher Type: SUN_STANDARD

[Global flags]
     intx CICompilerCount                          = 4                                         {product} {ergonomic}
     uint ConcGCThreads                            = 3                                         {product} {ergonomic}
     uint G1ConcRefinementThreads                  = 10                                        {product} {ergonomic}
   size_t G1HeapRegionSize                         = 1048576                                   {product} {ergonomic}
    uintx GCDrainStackTargetSize                   = 64                                        {product} {ergonomic}
   size_t InitialHeapSize                          = 98566144                                  {product} {ergonomic}
   size_t MarkStackSize                            = 4194304                                   {product} {ergonomic}
   size_t MaxHeapSize                              = 1572864000                                {product} {ergonomic}
   size_t MinHeapDeltaBytes                        = 1048576                                   {product} {ergonomic}
    uintx NonNMethodCodeHeapSize                   = 5836300                                {pd product} {ergonomic}
    uintx NonProfiledCodeHeapSize                  = 122910970                              {pd product} {ergonomic}
    uintx ProfiledCodeHeapSize                     = 122910970                              {pd product} {ergonomic}
    uintx ReservedCodeCacheSize                    = 251658240                              {pd product} {ergonomic}
     bool SegmentedCodeCache                       = true                                      {product} {ergonomic}
     bool UseCompressedClassPointers               = true                                 {lp64_product} {ergonomic}
     bool UseCompressedOops                        = true                                 {lp64_product} {ergonomic}
     bool UseG1GC                                  = true                                      {product} {ergonomic}
     bool UseLargePagesIndividualAllocation        = false                                  {pd product} {ergonomic}

Logging:
Log output configuration:
 #0: stdout all=warning uptime,level,tags
 #1: stderr all=off uptime,level,tags

Environment Variables:
PATH=C:\Python310\Scripts\;C:\Python310\;C:\Program Files (x86)\Common Files\Oracle\Java\javapath;C:\ProgramData\Oracle\Java\javapath;C:\Windows\system32;C:\Windows;C:\Windows\System32\Wbem;C:\Windows\System32\WindowsPowerShell\v1.0\;C:\Windows\System32\OpenSSH\;C:\Program Files (x86)\NVIDIA Corporation\PhysX\Common;C:\Program Files\NVIDIA Corporation\NVIDIA NvDLISR;C:\xampp\php;C:\composer;C:\Program Files\nodejs\;C:\ProgramData\chocolatey\bin;C:\Program Files\Git\cmd;C:\Users\RUSHITA\AppData\Local\Microsoft\WindowsApps;C:\Users\RUSHITA\AppData\Local\Programs\Microsoft VS Code\bin;C:\Users\RUSHITA\AppData\Roaming\Composer\vendor\bin;C:\Users\RUSHITA\AppData\Roaming\npm;C:\src\flutter\flutter\bin;;C:\src\flutter\flutter\bin\mingit\cmd
USERNAME=RUSHITA
LANG=en_US.UTF-8
OS=Windows_NT
PROCESSOR_IDENTIFIER=AMD64 Family 25 Model 80 Stepping 0, AuthenticAMD



---------------  S Y S T E M  ---------------

OS: Windows 10 , 64 bit Build 22000 (10.0.22000.675)
OS uptime: 2 days 5:57 hours

CPU:total 12 (initial active 12) (12 cores per cpu, 2 threads per core) family 25 model 80 stepping 0 microcode 0x0, cmov, cx8, fxsr, mmx, sse, sse2, sse3, ssse3, sse4.1, sse4.2, popcnt, avx, avx2, aes, clmul, erms, mmxext, 3dnowpref, lzcnt, sse4a, ht, tsc, tscinvbit, tscinv, bmi1, bmi2,

Memory: 4k page, system-wide physical 5996M (530M free)
TotalPageFile size 24428M (AvailPageFile size 51M)
current process WorkingSet (physical memory assigned to process): 10M, peak: 10M
current process commit charge ("private bytes"): 63M, peak: 157M

vm_info: OpenJDK 64-Bit Server VM (11.0.10+0-b96-7249189) for windows-amd64 JRE (11.0.10+0-b96-7249189), built on Mar 31 2021 21:44:00 by "builder" with MS VC++ 14.0 (VS2015)

END.
