#
# There is insufficient memory for the Java Runtime Environment to continue.
# Native memory allocation (mmap) failed to map 98566144 bytes for Failed to commit area from 0x00000000a2400000 to 0x00000000a8200000 of length 98566144.
# Possible reasons:
#   The system is out of physical RAM or swap space
#   The process is running with CompressedOops enabled, and the Java Heap may be blocking the growth of the native heap
# Possible solutions:
#   Reduce memory load on the system
#   Increase physical memory or swap space
#   Check if swap backing store is full
#   Decrease Java heap size (-Xmx/-Xms)
#   Decrease number of Java threads
#   Decrease Java thread stack sizes (-Xss)
#   Set larger code cache with -XX:ReservedCodeCacheSize=
# This output file may be truncated or incomplete.
#
#  Out of Memory Error (t:/workspace/open/src/hotspot/os/windows/os_windows.cpp:3221), pid=12668, tid=17216
#
# JRE version:  (10.0.2+13) (build )
# Java VM: Java HotSpot(TM) 64-Bit Server VM (10.0.2+13, mixed mode, aot, tiered, compressed oops, g1 gc, windows-amd64)
# No core dump will be written. Minidumps are not enabled by default on client versions of Windows
#

---------------  S U M M A R Y ------------

Command Line: 

Host: AMD Ryzen 5 5600H with Radeon Graphics         , 12 cores, 5G,  Windows 10 , 64 bit Build 22000 (10.0.22000.675)
Time: Mon May 23 18:46:32 2022 India Standard Time elapsed time: 0 seconds (0d 0h 0m 0s)

---------------  T H R E A D  ---------------

Current thread (0x000001fb90492800):  JavaThread "Unknown thread" [_thread_in_vm, id=17216, stack(0x000000d604b00000,0x000000d604c00000)]

Stack: [0x000000d604b00000,0x000000d604c00000]
Native frames: (J=compiled Java code, j=interpreted, Vv=VM code, C=native code)
V  [jvm.dll+0x5a01a9]
V  [jvm.dll+0x6bcf31]
V  [jvm.dll+0x6be126]
V  [jvm.dll+0x6be7b3]
V  [jvm.dll+0x234978]
V  [jvm.dll+0x59dac4]
V  [jvm.dll+0x592825]
V  [jvm.dll+0x2f632b]
V  [jvm.dll+0x2f6295]
V  [jvm.dll+0x2f6172]
V  [jvm.dll+0x2f8366]
V  [jvm.dll+0x344293]
V  [jvm.dll+0x3449a6]
V  [jvm.dll+0x344393]
V  [jvm.dll+0x2c4628]
V  [jvm.dll+0x2c5771]
V  [jvm.dll+0x69d1db]
V  [jvm.dll+0x69e9fc]
V  [jvm.dll+0x3519e9]
V  [jvm.dll+0x6856a2]
V  [jvm.dll+0x3ba0c3]
V  [jvm.dll+0x3bc261]
C  [java.exe+0x3531]
C  [java.exe+0xe1af]
C  [java.exe+0xe356]
C  [KERNEL32.DLL+0x154e0]
C  [ntdll.dll+0x485b]


---------------  P R O C E S S  ---------------

Threads class SMR info:
_java_thread_list=0x000001fb901db880, length=0, elements={
}

Java Threads: ( => current thread )

Other Threads:
  0x000001fb904a9800 GCTaskThread "GC Thread#0" [stack: 0x000000d604c00000,0x000000d604d00000] [id=22160]
  0x000001fb904ac800 GCTaskThread "GC Thread#1" [stack: 0x000000d604d00000,0x000000d604e00000] [id=19960]
  0x000001fb904af800 GCTaskThread "GC Thread#2" [stack: 0x000000d604e00000,0x000000d604f00000] [id=20272]
  0x000001fb904b2800 GCTaskThread "GC Thread#3" [stack: 0x000000d604f00000,0x000000d605000000] [id=20572]
  0x000001fb904b4000 GCTaskThread "GC Thread#4" [stack: 0x000000d605000000,0x000000d605100000] [id=7172]
  0x000001fb904b8000 GCTaskThread "GC Thread#5" [stack: 0x000000d605100000,0x000000d605200000] [id=22744]
  0x000001fb904ba800 GCTaskThread "GC Thread#6" [stack: 0x000000d605200000,0x000000d605300000] [id=11916]
  0x000001fb904c1800 GCTaskThread "GC Thread#7" [stack: 0x000000d605300000,0x000000d605400000] [id=21800]
  0x000001fb904c1000 GCTaskThread "GC Thread#8" [stack: 0x000000d605400000,0x000000d605500000] [id=10412]
  0x000001fb904c5800 GCTaskThread "GC Thread#9" [stack: 0x000000d605500000,0x000000d605600000] [id=11452]
  0x000001fb9051d800 ConcurrentGCThread "G1 Main Marker" [stack: 0x000000d605600000,0x000000d605700000] [id=5564]
  0x000001fb904c3800 ConcurrentGCThread "G1 Conc#0" [stack: 0x000000d605700000,0x000000d605800000] [id=13000]
  0x000001fb904c7000 ConcurrentGCThread "G1 Conc#1" [stack: 0x000000d605800000,0x000000d605900000] [id=16912]
  0x000001fb904c5000 ConcurrentGCThread "G1 Conc#2" [stack: 0x000000d605900000,0x000000d605a00000] [id=21676]

[error occurred during error reporting (printing all threads), id 0xe0000002]

VM state:not at safepoint (not fully initialized)

VM Mutex/Monitor currently owned by a thread:  ([mutex/lock_event])
[0x000001fb904904d0] Heap_lock - owner thread: 0x000001fb90492800

Heap address: 0x00000000a2400000, size: 1500 MB, Compressed Oops mode: Non-zero based: 0x00000000a2400000
Narrow klass base: 0x0000000000000000, Narrow klass shift: 0

GC Heap History (0 events):
No events

Deoptimization events (0 events):
No events

Classes redefined (0 events):
No events

Internal exceptions (0 events):
No events

Events (0 events):
No events


Dynamic libraries:
0x00007ff726320000 - 0x00007ff72635e000 	C:\Program Files (x86)\Common Files\Oracle\Java\javapath\java.exe
0x00007ffecf660000 - 0x00007ffecf869000 	C:\Windows\SYSTEM32\ntdll.dll
0x00007ffecef40000 - 0x00007ffeceffd000 	C:\Windows\System32\KERNEL32.DLL
0x00007ffecced0000 - 0x00007ffecd249000 	C:\Windows\System32\KERNELBASE.dll
0x00007ffece160000 - 0x00007ffece20e000 	C:\Windows\System32\ADVAPI32.dll
0x00007ffecf150000 - 0x00007ffecf1f3000 	C:\Windows\System32\msvcrt.dll
0x00007ffecf460000 - 0x00007ffecf4fe000 	C:\Windows\System32\sechost.dll
0x00007ffecd610000 - 0x00007ffecd730000 	C:\Windows\System32\RPCRT4.dll
0x00007ffecdfb0000 - 0x00007ffece15c000 	C:\Windows\System32\USER32.dll
0x00007ffecccb0000 - 0x00007ffecccd6000 	C:\Windows\System32\win32u.dll
0x00007ffecf360000 - 0x00007ffecf389000 	C:\Windows\System32\GDI32.dll
0x00007ffecd250000 - 0x00007ffecd362000 	C:\Windows\System32\gdi32full.dll
0x00007ffeccc10000 - 0x00007ffecccad000 	C:\Windows\System32\msvcp_win.dll
0x00007ffecd370000 - 0x00007ffecd481000 	C:\Windows\System32\ucrtbase.dll
0x00007ffeb1b50000 - 0x00007ffeb1df5000 	C:\Windows\WinSxS\amd64_microsoft.windows.common-controls_6595b64144ccf1df_6.0.22000.120_none_9d947278b86cc467\COMCTL32.dll
0x00007ffec4690000 - 0x00007ffec469a000 	C:\Windows\SYSTEM32\VERSION.dll
0x00007ffecf410000 - 0x00007ffecf441000 	C:\Windows\System32\IMM32.DLL
0x00007ffeacee0000 - 0x00007ffeacfcf000 	C:\Program Files\Java\jre-10.0.2\bin\msvcr120.dll
0x00007ffea8070000 - 0x00007ffea8116000 	C:\Program Files\Java\jre-10.0.2\bin\msvcp120.dll
0x000000005d220000 - 0x000000005dc90000 	C:\Program Files\Java\jre-10.0.2\bin\server\jvm.dll
0x00007ffecf0e0000 - 0x00007ffecf0e8000 	C:\Windows\System32\PSAPI.DLL
0x00007ffec69d0000 - 0x00007ffec6a03000 	C:\Windows\SYSTEM32\WINMM.dll
0x00007ffeb55b0000 - 0x00007ffeb55b9000 	C:\Windows\SYSTEM32\WSOCK32.dll
0x00007ffecf2f0000 - 0x00007ffecf35f000 	C:\Windows\System32\WS2_32.dll
0x00007ffec8c10000 - 0x00007ffec8c1f000 	C:\Program Files\Java\jre-10.0.2\bin\verify.dll
0x00007ffeca780000 - 0x00007ffeca9a1000 	C:\Windows\SYSTEM32\DBGHELP.DLL
0x00007ffeb99b0000 - 0x00007ffeb99e1000 	C:\Windows\SYSTEM32\dbgcore.DLL
0x00007ffecce50000 - 0x00007ffeccecf000 	C:\Windows\System32\bcryptPrimitives.dll
0x00007ffebb750000 - 0x00007ffebb777000 	C:\Program Files\Java\jre-10.0.2\bin\java.dll
0x00007ffec7640000 - 0x00007ffec7656000 	C:\Program Files\Java\jre-10.0.2\bin\zip.dll
0x00007ffec8b70000 - 0x00007ffec8b7a000 	C:\Program Files\Java\jre-10.0.2\bin\jimage.dll

dbghelp: loaded successfully - version: 4.0.5 - missing functions: none
symbol engine: initialized successfully - sym options: 0x614 - pdb path: .;C:\Program Files (x86)\Common Files\Oracle\Java\javapath;C:\Windows\SYSTEM32;C:\Windows\WinSxS\amd64_microsoft.windows.common-controls_6595b64144ccf1df_6.0.22000.120_none_9d947278b86cc467;C:\Program Files\Java\jre-10.0.2\bin;C:\Program Files\Java\jre-10.0.2\bin\server

VM Arguments:
java_command: <unknown>
java_class_path (initial): <not set>
Launcher Type: SUN_STANDARD

Logging:
Log output configuration:
#0: stdout all=warning uptime,level,tags
#1: stderr all=off uptime,level,tags

Environment Variables:
PATH=C:\Python310\Scripts\;C:\Python310\;C:\Program Files (x86)\Common Files\Oracle\Java\javapath;C:\ProgramData\Oracle\Java\javapath;C:\Windows\system32;C:\Windows;C:\Windows\System32\Wbem;C:\Windows\System32\WindowsPowerShell\v1.0\;C:\Windows\System32\OpenSSH\;C:\Program Files (x86)\NVIDIA Corporation\PhysX\Common;C:\Program Files\NVIDIA Corporation\NVIDIA NvDLISR;C:\xampp\php;C:\composer;C:\Program Files\nodejs\;C:\ProgramData\chocolatey\bin;C:\Program Files\Git\cmd;C:\Users\RUSHITA\AppData\Local\Microsoft\WindowsApps;C:\Users\RUSHITA\AppData\Local\Programs\Microsoft VS Code\bin;C:\Users\RUSHITA\AppData\Roaming\Composer\vendor\bin;C:\Users\RUSHITA\AppData\Roaming\npm;C:\src\flutter\flutter\bin;;C:\src\flutter\flutter\bin\mingit\cmd
USERNAME=RUSHITA
OS=Windows_NT
PROCESSOR_IDENTIFIER=AMD64 Family 25 Model 80 Stepping 0, AuthenticAMD



---------------  S Y S T E M  ---------------

OS: Windows 10 , 64 bit Build 22000 (10.0.22000.675)

CPU:total 12 (initial active 12) (12 cores per cpu, 2 threads per core) family 25 model 80 stepping 0, cmov, cx8, fxsr, mmx, sse, sse2, sse3, ssse3, sse4.1, sse4.2, popcnt, avx, avx2, aes, clmul, erms, mmxext, 3dnowpref, lzcnt, sse4a, ht, tsc, tscinvbit, tscinv, bmi1, bmi2, adx, sha, fma

Memory: 4k page, physical 6139972k(533464k free), swap 25014340k(41092k free)

vm_info: Java HotSpot(TM) 64-Bit Server VM (10.0.2+13) for windows-amd64 JRE (10.0.2+13), built on Jun 28 2018 01:57:56 by "mach5one" with MS VC++ 12.0 (VS2013)

END.
