#
# There is insufficient memory for the Java Runtime Environment to continue.
# Native memory allocation (malloc) failed to allocate 1048576 bytes for AllocateHeap
# Possible reasons:
#   The system is out of physical RAM or swap space
#   The process is running with CompressedOops enabled, and the Java Heap may be blocking the growth of the native heap
# Possible solutions:
#   Reduce memory load on the system
#   Increase physical memory or swap space
#   Check if swap backing store is full
#   Decrease Java heap size (-Xmx/-Xms)
#   Decrease number of Java threads
#   Decrease Java thread stack sizes (-Xss)
#   Set larger code cache with -XX:ReservedCodeCacheSize=
# This output file may be truncated or incomplete.
#
#  Out of Memory Error (memory/allocation.inline.hpp:63), pid=22708, tid=7888
#
# JRE version:  (10.0.2+13) (build )
# Java VM: Java HotSpot(TM) 64-Bit Server VM (10.0.2+13, mixed mode, aot, tiered, compressed oops, g1 gc, windows-amd64)
# No core dump will be written. Minidumps are not enabled by default on client versions of Windows
#

---------------  S U M M A R Y ------------

Command Line: 

Host: AMD Ryzen 5 5600H with Radeon Graphics         , 12 cores, 5G,  Windows 10 , 64 bit Build 22000 (10.0.22000.675)
Time: Mon May 23 18:45:30 2022 India Standard Time elapsed time: 0 seconds (0d 0h 0m 0s)

---------------  T H R E A D  ---------------

Current thread (0x0000019d23f54000):  JavaThread "Unknown thread" [_thread_in_vm, id=7888, stack(0x0000002d86200000,0x0000002d86300000)]

Stack: [0x0000002d86200000,0x0000002d86300000]
Native frames: (J=compiled Java code, j=interpreted, Vv=VM code, C=native code)
V  [jvm.dll+0x5a01a9]
V  [jvm.dll+0x6bcf31]
V  [jvm.dll+0x6be126]
V  [jvm.dll+0x6be7b3]
V  [jvm.dll+0x234978]
V  [jvm.dll+0x105556]
V  [jvm.dll+0x2cb95c]
V  [jvm.dll+0x2c5734]
V  [jvm.dll+0x69d1db]
V  [jvm.dll+0x69e9fc]
V  [jvm.dll+0x3519e9]
V  [jvm.dll+0x6856a2]
V  [jvm.dll+0x3ba0c3]
V  [jvm.dll+0x3bc261]
C  [java.exe+0x3531]
C  [java.exe+0xe1af]
C  [java.exe+0xe356]
C  [KERNEL32.DLL+0x154e0]
C  [ntdll.dll+0x485b]


---------------  P R O C E S S  ---------------

Threads class SMR info:
_java_thread_list=0x0000019d223ba0d0, length=0, elements={
}

Java Threads: ( => current thread )

Other Threads:
  0x0000019d23f6c800 GCTaskThread "GC Thread#0" [stack: 0x0000002d86300000,0x0000002d86400000] [id=4892]
  0x0000019d23f6e000 GCTaskThread "GC Thread#1" [stack: 0x0000002d86400000,0x0000002d86500000] [id=19756]
  0x0000019d23f6f800 GCTaskThread "GC Thread#2" [stack: 0x0000002d86500000,0x0000002d86600000] [id=1400]
  0x0000019d23f72800 GCTaskThread "GC Thread#3" [stack: 0x0000002d86600000,0x0000002d86700000] [id=12188]
  0x0000019d23f78000 GCTaskThread "GC Thread#4" [stack: 0x0000002d86700000,0x0000002d86800000] [id=20220]
  0x0000019d23f7b000 GCTaskThread "GC Thread#5" [stack: 0x0000002d86800000,0x0000002d86900000] [id=20656]
  0x0000019d23f7c800 GCTaskThread "GC Thread#6" [stack: 0x0000002d86900000,0x0000002d86a00000] [id=9728]
  0x0000019d23f82800 GCTaskThread "GC Thread#7" [stack: 0x0000002d86a00000,0x0000002d86b00000] [id=980]
  0x0000019d23f84800 GCTaskThread "GC Thread#8" [stack: 0x0000002d86b00000,0x0000002d86c00000] [id=8116]
  0x0000019d23f7d800 GCTaskThread "GC Thread#9" [stack: 0x0000002d86c00000,0x0000002d86d00000] [id=6592]

[error occurred during error reporting (printing all threads), id 0xe0000001]

VM state:not at safepoint (not fully initialized)

VM Mutex/Monitor currently owned by a thread:  ([mutex/lock_event])
[0x0000019d23f509e0] Heap_lock - owner thread: 0x0000019d23f54000

Heap address: 0x00000000a2400000, size: 1500 MB, Compressed Oops mode: Non-zero based: 0x00000000a2400000
Narrow klass base: 0x0000000000000000, Narrow klass shift: 0

GC Heap History (0 events):
No events

Deoptimization events (0 events):
No events

Classes redefined (0 events):
No events

Internal exceptions (0 events):
No events

Events (0 events):
No events


Dynamic libraries:
0x00007ff612570000 - 0x00007ff6125ae000 	C:\Program Files (x86)\Common Files\Oracle\Java\javapath\java.exe
0x00007ffecf660000 - 0x00007ffecf869000 	C:\Windows\SYSTEM32\ntdll.dll
0x00007ffecef40000 - 0x00007ffeceffd000 	C:\Windows\System32\KERNEL32.DLL
0x00007ffecced0000 - 0x00007ffecd249000 	C:\Windows\System32\KERNELBASE.dll
0x00007ffece160000 - 0x00007ffece20e000 	C:\Windows\System32\ADVAPI32.dll
0x00007ffecf150000 - 0x00007ffecf1f3000 	C:\Windows\System32\msvcrt.dll
0x00007ffecf460000 - 0x00007ffecf4fe000 	C:\Windows\System32\sechost.dll
0x00007ffecd610000 - 0x00007ffecd730000 	C:\Windows\System32\RPCRT4.dll
0x00007ffecdfb0000 - 0x00007ffece15c000 	C:\Windows\System32\USER32.dll
0x00007ffecccb0000 - 0x00007ffecccd6000 	C:\Windows\System32\win32u.dll
0x00007ffecf360000 - 0x00007ffecf389000 	C:\Windows\System32\GDI32.dll
0x00007ffecd250000 - 0x00007ffecd362000 	C:\Windows\System32\gdi32full.dll
0x00007ffeccc10000 - 0x00007ffecccad000 	C:\Windows\System32\msvcp_win.dll
0x00007ffecd370000 - 0x00007ffecd481000 	C:\Windows\System32\ucrtbase.dll
0x00007ffeb1b50000 - 0x00007ffeb1df5000 	C:\Windows\WinSxS\amd64_microsoft.windows.common-controls_6595b64144ccf1df_6.0.22000.120_none_9d947278b86cc467\COMCTL32.dll
0x00007ffec4690000 - 0x00007ffec469a000 	C:\Windows\SYSTEM32\VERSION.dll
0x00007ffecf410000 - 0x00007ffecf441000 	C:\Windows\System32\IMM32.DLL
0x00007ffeacee0000 - 0x00007ffeacfcf000 	C:\Program Files\Java\jre-10.0.2\bin\msvcr120.dll
0x00007ffea8070000 - 0x00007ffea8116000 	C:\Program Files\Java\jre-10.0.2\bin\msvcp120.dll
0x000000005d220000 - 0x000000005dc90000 	C:\Program Files\Java\jre-10.0.2\bin\server\jvm.dll
0x00007ffecf0e0000 - 0x00007ffecf0e8000 	C:\Windows\System32\PSAPI.DLL
0x00007ffec69d0000 - 0x00007ffec6a03000 	C:\Windows\SYSTEM32\WINMM.dll
0x00007ffeb55b0000 - 0x00007ffeb55b9000 	C:\Windows\SYSTEM32\WSOCK32.dll
0x00007ffecf2f0000 - 0x00007ffecf35f000 	C:\Windows\System32\WS2_32.dll
0x00007ffec9af0000 - 0x00007ffec9aff000 	C:\Program Files\Java\jre-10.0.2\bin\verify.dll
0x00007ffeca780000 - 0x00007ffeca9a1000 	C:\Windows\SYSTEM32\DBGHELP.DLL
0x00007ffeb99b0000 - 0x00007ffeb99e1000 	C:\Windows\SYSTEM32\dbgcore.DLL
0x00007ffecce50000 - 0x00007ffeccecf000 	C:\Windows\System32\bcryptPrimitives.dll
0x00007ffebb8d0000 - 0x00007ffebb8f7000 	C:\Program Files\Java\jre-10.0.2\bin\java.dll
0x00007ffec8d80000 - 0x00007ffec8d96000 	C:\Program Files\Java\jre-10.0.2\bin\zip.dll
0x00007ffec8c10000 - 0x00007ffec8c1a000 	C:\Program Files\Java\jre-10.0.2\bin\jimage.dll

dbghelp: loaded successfully - version: 4.0.5 - missing functions: none
symbol engine: initialized successfully - sym options: 0x614 - pdb path: .;C:\Program Files (x86)\Common Files\Oracle\Java\javapath;C:\Windows\SYSTEM32;C:\Windows\WinSxS\amd64_microsoft.windows.common-controls_6595b64144ccf1df_6.0.22000.120_none_9d947278b86cc467;C:\Program Files\Java\jre-10.0.2\bin;C:\Program Files\Java\jre-10.0.2\bin\server

VM Arguments:
java_command: <unknown>
java_class_path (initial): <not set>
Launcher Type: SUN_STANDARD

Logging:
Log output configuration:
#0: stdout all=warning uptime,level,tags
#1: stderr all=off uptime,level,tags

Environment Variables:
PATH=C:\Python310\Scripts\;C:\Python310\;C:\Program Files (x86)\Common Files\Oracle\Java\javapath;C:\ProgramData\Oracle\Java\javapath;C:\Windows\system32;C:\Windows;C:\Windows\System32\Wbem;C:\Windows\System32\WindowsPowerShell\v1.0\;C:\Windows\System32\OpenSSH\;C:\Program Files (x86)\NVIDIA Corporation\PhysX\Common;C:\Program Files\NVIDIA Corporation\NVIDIA NvDLISR;C:\xampp\php;C:\composer;C:\Program Files\nodejs\;C:\ProgramData\chocolatey\bin;C:\Program Files\Git\cmd;C:\Users\RUSHITA\AppData\Local\Microsoft\WindowsApps;C:\Users\RUSHITA\AppData\Local\Programs\Microsoft VS Code\bin;C:\Users\RUSHITA\AppData\Roaming\Composer\vendor\bin;C:\Users\RUSHITA\AppData\Roaming\npm;C:\src\flutter\flutter\bin;;C:\src\flutter\flutter\bin\mingit\cmd
USERNAME=RUSHITA
OS=Windows_NT
PROCESSOR_IDENTIFIER=AMD64 Family 25 Model 80 Stepping 0, AuthenticAMD



---------------  S Y S T E M  ---------------

OS: Windows 10 , 64 bit Build 22000 (10.0.22000.675)

CPU:total 12 (initial active 12) (12 cores per cpu, 2 threads per core) family 25 model 80 stepping 0, cmov, cx8, fxsr, mmx, sse, sse2, sse3, ssse3, sse4.1, sse4.2, popcnt, avx, avx2, aes, clmul, erms, mmxext, 3dnowpref, lzcnt, sse4a, ht, tsc, tscinvbit, tscinv, bmi1, bmi2, adx, sha, fma

Memory: 4k page, physical 6139972k(249284k free), swap 25014340k(4976k free)

vm_info: Java HotSpot(TM) 64-Bit Server VM (10.0.2+13) for windows-amd64 JRE (10.0.2+13), built on Jun 28 2018 01:57:56 by "mach5one" with MS VC++ 12.0 (VS2013)

END.
